<?xml version="1.0" encoding="UTF-8"?>
<!-- Generated by org.testng.reporters.JUnitReportReporter -->
<testsuite hostname="oshchegula" name="test.JsonServiceTest" tests="1" failures="0" timestamp="4 Nov 2014 09:20:10 GMT" time="0.247" errors="0">
  <testcase name="deleteMarkedTeamsTest" time="0.247" classname="test.JsonServiceTest"/>
</testsuite> <!-- test.JsonServiceTest -->
